{
  "RSpec": {
    "coverage": {
      "/Users/rcl/turing/2module/final_assement/catch-flights-not-feelings-2201/app/models/airline.rb": {
        "lines": [
          1,
          1,
          1,
          null,
          null,
          1,
          1,
          null,
          null
        ]
      },
      "/Users/rcl/turing/2module/final_assement/catch-flights-not-feelings-2201/app/models/application_record.rb": {
        "lines": [
          1,
          1,
          null
        ]
      },
      "/Users/rcl/turing/2module/final_assement/catch-flights-not-feelings-2201/app/models/flight.rb": {
        "lines": [
          1,
          1,
          1,
          1,
          null
        ]
      },
      "/Users/rcl/turing/2module/final_assement/catch-flights-not-feelings-2201/app/models/passenger_flight.rb": {
        "lines": [
          1,
          1,
          1,
          null
        ]
      },
      "/Users/rcl/turing/2module/final_assement/catch-flights-not-feelings-2201/app/models/passenger.rb": {
        "lines": [
          1,
          1,
          1,
          null
        ]
      }
    },
    "timestamp": 1646677516
  }
}
